<?xml version="1.0" encoding="UTF-8"?>
<testng-results ignored="0" total="1" passed="1" failed="0" skipped="0">
  <reporter-output>
  </reporter-output>
  <suite started-at="2023-11-27T17:29:50 EST" name="Surefire suite" finished-at="2023-11-27T17:29:53 EST" duration-ms="3212">
    <groups>
      <group name="cucumber">
        <method signature="AbstractTestNGCucumberTests.runScenario(io.cucumber.testng.PickleWrapper,io.cucumber.testng.FeatureWrapper)[pri:0, instance:testRunnerTest3.TestRunnerTest3@31c88ec8]" name="runScenario" class="io.cucumber.testng.AbstractTestNGCucumberTests"/>
      </group> <!-- cucumber -->
    </groups>
    <test started-at="2023-11-27T17:29:50 EST" name="Surefire test" finished-at="2023-11-27T17:29:53 EST" duration-ms="3212">
      <class name="testRunnerTest3.TestRunnerTest3">
        <test-method is-config="true" signature="setup()[pri:0, instance:testRunnerTest3.TestRunnerTest3@31c88ec8]" started-at="2023-11-27T17:29:50 EST" name="setup" finished-at="2023-11-27T17:29:52 EST" duration-ms="2038" status="PASS">
          <reporter-output>
          </reporter-output>
        </test-method> <!-- setup -->
        <test-method is-config="true" signature="setUpClass(org.testng.ITestContext)[pri:0, instance:testRunnerTest3.TestRunnerTest3@31c88ec8]" started-at="2023-11-27T17:29:52 EST" name="setUpClass" finished-at="2023-11-27T17:29:53 EST" duration-ms="209" status="PASS">
          <params>
            <param index="0">
              <value>
                <![CDATA[org.testng.TestRunner@ae202c6]]>
              </value>
            </param>
          </params>
          <reporter-output>
          </reporter-output>
        </test-method> <!-- setUpClass -->
        <test-method signature="runScenario(io.cucumber.testng.PickleWrapper,io.cucumber.testng.FeatureWrapper)[pri:0, instance:testRunnerTest3.TestRunnerTest3@31c88ec8]" started-at="2023-11-27T17:29:53 EST" name="runScenario" description="Runs Cucumber Scenarios" data-provider="scenarios" finished-at="2023-11-27T17:29:53 EST" duration-ms="638" status="PASS">
          <params>
            <param index="0">
              <value>
                <![CDATA["verify url launch"]]>
              </value>
            </param>
            <param index="1">
              <value>
                <![CDATA["url launch functionality"]]>
              </value>
            </param>
          </params>
          <reporter-output>
          </reporter-output>
        </test-method> <!-- runScenario -->
        <test-method is-config="true" signature="tearDownClass()[pri:0, instance:testRunnerTest3.TestRunnerTest3@31c88ec8]" started-at="2023-11-27T17:29:53 EST" name="tearDownClass" finished-at="2023-11-27T17:29:53 EST" duration-ms="282" status="PASS">
          <reporter-output>
          </reporter-output>
        </test-method> <!-- tearDownClass -->
        <test-method is-config="true" signature="closerURL()[pri:0, instance:testRunnerTest3.TestRunnerTest3@31c88ec8]" started-at="2023-11-27T17:29:53 EST" name="closerURL" finished-at="2023-11-27T17:29:53 EST" duration-ms="1" status="PASS">
          <reporter-output>
          </reporter-output>
        </test-method> <!-- closerURL -->
      </class> <!-- testRunnerTest3.TestRunnerTest3 -->
    </test> <!-- Surefire test -->
  </suite> <!-- Surefire suite -->
</testng-results>
